<?xml version="1.0" encoding="UTF-8"?>
<testsuite xmlns:xsi="http://www.w3.org/2001/XMLSchema-instance" xsi:schemaLocation="https://maven.apache.org/surefire/maven-surefire-plugin/xsd/surefire-test-report.xsd" name="TestSuite" time="0.821" tests="4" errors="0" skipped="2" failures="2">
  <properties>
[...]
</properties>
  <testcase name="setUpClass" classname="runners.MainRunner" time="0.663">
    <failure message="gherkin/formatter/Reporter" type="java.lang.NoClassDefFoundError">java.lang.NoClassDefFoundError: gherkin/formatter/Reporter
Caused by: java.lang.ClassNotFoundException: gherkin.formatter.Reporter
</failure>
    <system-out><![CDATA[...
... TestNG 6.9.10 by Cédric Beust (cedric@beust.com)
...

]]></system-out>
  </testcase>
  <testcase name="feature" classname="runners.MainRunner" time="0">
    <skipped message="java.lang.NullPointerException"/>
  </testcase>
  <testcase name="writeExtentReport" classname="runners.MainRunner" time="0">
    <skipped/>
  </testcase>
  <testcase name="tearDownClass" classname="runners.MainRunner" time="0.671">
    <failure type="java.lang.NullPointerException">java.lang.NullPointerException
</failure>
  </testcase>
</testsuite>