<?xml version="1.0" encoding="UTF-8"?>
<!-- Generated by org.testng.reporters.JUnitXMLReporter -->
<testsuite hostname="Zubair-PC" name="Cucumber Tests" tests="1" failures="0" timestamp="3 Nov 2018 16:27:56 GMT" time="0.049" errors="0">
  <testcase name="@BeforeClass setUpClass" time="0.0" classname="runners.MainRunner">
    <failure type="java.lang.NoClassDefFoundError" message="gherkin/formatter/Reporter">
      <![CDATA[java.lang.NoClassDefFoundError: gherkin/formatter/Reporter
	at cucumber.api.testng.AbstractTestNGCucumberTests.setUpClass(AbstractTestNGCucumberTests.java:16)
Caused by: java.lang.ClassNotFoundException: gherkin.formatter.Reporter
	at java.net.URLClassLoader.findClass(Unknown Source)
	at java.lang.ClassLoader.loadClass(Unknown Source)
	at sun.misc.Launcher$AppClassLoader.loadClass(Unknown Source)
	at java.lang.ClassLoader.loadClass(Unknown Source)
	... 28 more
... Removed 27 stack frames]]>
    </failure>
  </testcase> <!-- @BeforeClass setUpClass -->
  <testcase name="@AfterClass writeExtentReport" time="0.0" classname="runners.MainRunner">
    <skipped/>
  </testcase> <!-- @AfterClass writeExtentReport -->
  <testcase name="@AfterClass tearDownClass" time="0.0" classname="runners.MainRunner">
    <failure type="java.lang.NullPointerException">
      <![CDATA[java.lang.NullPointerException
	at cucumber.api.testng.AbstractTestNGCucumberTests.tearDownClass(AbstractTestNGCucumberTests.java:34)
... Removed 27 stack frames]]>
    </failure>
  </testcase> <!-- @AfterClass tearDownClass -->
  <testcase name="feature" time="0.0" classname="runners.MainRunner">
    <skipped/>
  </testcase> <!-- feature -->
</testsuite> <!-- Cucumber Tests -->
